Saturday 19 July 2025 06:46:59 PM IST: Auto wallpaper changed
Saturday 19 July 2025 06:54:19 PM IST: Auto wallpaper changed
Saturday 19 July 2025 06:54:47 PM IST: Auto wallpaper changed
Saturday 19 July 2025 06:55:27 PM IST: Auto wallpaper changed
Saturday 19 July 2025 06:55:55 PM IST: Auto wallpaper changed
Saturday 19 July 2025 06:56:03 PM IST: Auto wallpaper changed
Saturday 19 July 2025 06:56:09 PM IST: Auto wallpaper changed
Saturday 19 July 2025 06:56:13 PM IST: Auto wallpaper changed
Saturday 19 July 2025 06:56:17 PM IST: Auto wallpaper changed
Saturday 19 July 2025 06:59:54 PM IST: Auto wallpaper changed
Saturday 19 July 2025 07:15:18 PM IST: Auto wallpaper changed
Saturday 19 July 2025 07:15:27 PM IST: Auto wallpaper changed
Saturday 19 July 2025 07:17:43 PM IST: Auto wallpaper changed
Saturday 19 July 2025 07:18:10 PM IST: Auto wallpaper changed
Saturday 19 July 2025 07:21:07 PM IST: Auto wallpaper changed
Saturday 19 July 2025 07:21:09 PM IST: Auto wallpaper changed
Saturday 19 July 2025 07:22:33 PM IST: Auto wallpaper changed
Saturday 19 July 2025 07:29:45 PM IST: Auto wallpaper changed
Saturday 19 July 2025 07:30:26 PM IST: Auto wallpaper changed
Saturday 19 July 2025 07:30:58 PM IST: Auto wallpaper changed
Saturday 19 July 2025 07:31:45 PM IST: Auto wallpaper changed
Saturday 19 July 2025 07:34:53 PM IST: Auto wallpaper changed
Saturday 19 July 2025 07:35:50 PM IST: Auto wallpaper changed
Saturday 19 July 2025 07:36:32 PM IST: Auto wallpaper changed
Saturday 19 July 2025 07:36:38 PM IST: Auto wallpaper changed
Saturday 19 July 2025 07:37:51 PM IST: Auto wallpaper changed
Saturday 19 July 2025 07:38:59 PM IST: Auto wallpaper changed
Saturday 19 July 2025 07:40:10 PM IST: Auto wallpaper changed
Saturday 19 July 2025 07:41:49 PM IST: Auto wallpaper changed
Saturday 19 July 2025 07:42:55 PM IST: Auto wallpaper changed
Saturday 19 July 2025 07:44:10 PM IST: Auto wallpaper changed
Saturday 19 July 2025 07:45:18 PM IST: Auto wallpaper changed
Saturday 19 July 2025 07:45:20 PM IST: Auto wallpaper changed
Saturday 19 July 2025 07:46:23 PM IST: Auto wallpaper changed
Saturday 19 July 2025 08:07:23 PM IST: Auto wallpaper changed
Saturday 19 July 2025 08:12:56 PM IST: Auto wallpaper changed
Saturday 19 July 2025 08:15:27 PM IST: Auto wallpaper changed
Saturday 19 July 2025 08:16:11 PM IST: Auto wallpaper changed
Saturday 19 July 2025 08:16:20 PM IST: Auto wallpaper changed
Saturday 19 July 2025 08:16:34 PM IST: Auto wallpaper changed
Saturday 19 July 2025 08:20:03 PM IST: Auto wallpaper changed
Saturday 19 July 2025 08:30:39 PM IST: Auto wallpaper changed
Saturday 19 July 2025 08:32:42 PM IST: Auto wallpaper changed
Saturday 19 July 2025 08:34:18 PM IST: Auto wallpaper changed
Saturday 19 July 2025 08:45:01 PM IST: Auto wallpaper changed
Saturday 19 July 2025 08:49:14 PM IST: Auto wallpaper changed
Saturday 19 July 2025 08:49:40 PM IST: Auto wallpaper changed
Saturday 19 July 2025 08:49:57 PM IST: Auto wallpaper changed
Saturday 19 July 2025 08:51:55 PM IST: Auto wallpaper changed
Saturday 19 July 2025 08:53:14 PM IST: Auto wallpaper changed
Saturday 19 July 2025 08:55:03 PM IST: Auto wallpaper changed
Saturday 19 July 2025 08:58:29 PM IST: Auto wallpaper changed
Saturday 19 July 2025 09:03:04 PM IST: Auto wallpaper changed
Saturday 19 July 2025 09:03:45 PM IST: Auto wallpaper changed
Saturday 19 July 2025 09:05:29 PM IST: Auto wallpaper changed
Saturday 19 July 2025 09:12:05 PM IST: Auto wallpaper changed
Saturday 19 July 2025 09:13:29 PM IST: Auto wallpaper changed
Saturday 19 July 2025 09:14:00 PM IST: Auto wallpaper changed
Saturday 19 July 2025 09:16:05 PM IST: Auto wallpaper changed
Saturday 19 July 2025 09:16:58 PM IST: Auto wallpaper changed
Saturday 19 July 2025 09:18:48 PM IST: Auto wallpaper changed
Saturday 19 July 2025 09:22:23 PM IST: Auto wallpaper changed
Saturday 19 July 2025 09:22:50 PM IST: Auto wallpaper changed
Saturday 19 July 2025 09:26:44 PM IST: Auto wallpaper changed
Saturday 19 July 2025 09:31:19 PM IST: Auto wallpaper changed
Saturday 19 July 2025 09:33:07 PM IST: Auto wallpaper changed
Saturday 19 July 2025 09:42:13 PM IST: Auto wallpaper changed
Saturday 19 July 2025 09:44:08 PM IST: Auto wallpaper changed
Saturday 19 July 2025 09:52:01 PM IST: Auto wallpaper changed
Saturday 19 July 2025 10:00:02 PM IST: Auto wallpaper changed
Saturday 19 July 2025 10:36:21 PM IST: Auto wallpaper changed
Saturday 19 July 2025 10:36:40 PM IST: Auto wallpaper changed
Saturday 19 July 2025 10:36:43 PM IST: Auto wallpaper changed
Saturday 19 July 2025 10:36:44 PM IST: Auto wallpaper changed
Saturday 19 July 2025 10:36:44 PM IST: Auto wallpaper changed
Saturday 19 July 2025 10:36:45 PM IST: Auto wallpaper changed
Sunday 20 July 2025 12:22:17 PM IST: Auto wallpaper changed
Sunday 20 July 2025 12:23:39 PM IST: Auto wallpaper changed
Sunday 20 July 2025 12:23:57 PM IST: Auto wallpaper changed
Sunday 20 July 2025 12:32:13 PM IST: Auto wallpaper changed
Sunday 20 July 2025 12:35:30 PM IST: Auto wallpaper changed
Sunday 20 July 2025 06:00:01 PM IST: Auto wallpaper changed
Sunday 20 July 2025 10:00:01 PM IST: Auto wallpaper changed
Sunday 20 July 2025 10:41:25 PM IST: Auto wallpaper changed
Monday 21 July 2025 08:31:33 PM IST: Auto wallpaper changed
Monday 21 July 2025 10:00:01 PM IST: Auto wallpaper changed
Tuesday 22 July 2025 08:13:27 PM IST: Auto wallpaper changed
Tuesday 22 July 2025 08:13:32 PM IST: Auto wallpaper changed
Tuesday 22 July 2025 09:26:43 PM IST: Auto wallpaper changed
Tuesday 22 July 2025 09:26:54 PM IST: Auto wallpaper changed
Thursday 24 July 2025 08:08:22 AM IST: Auto wallpaper changed
Thursday 24 July 2025 08:09:20 AM IST: Auto wallpaper changed
Thursday 24 July 2025 08:24:28 AM IST: Auto wallpaper changed
Thursday 24 July 2025 08:24:30 AM IST: Auto wallpaper changed
Thursday 24 July 2025 03:28:56 PM IST: Auto wallpaper changed
Thursday 24 July 2025 05:53:18 PM IST: Auto wallpaper changed
Thursday 24 July 2025 06:00:01 PM IST: Auto wallpaper changed
Thursday 24 July 2025 08:24:37 PM IST: Auto wallpaper changed
Thursday 24 July 2025 08:30:33 PM IST: Auto wallpaper changed
Thursday 24 July 2025 10:00:01 PM IST: Auto wallpaper changed
Thursday 24 July 2025 10:33:25 PM IST: Auto wallpaper changed
Thursday 24 July 2025 10:33:41 PM IST: Auto wallpaper changed
Thursday 24 July 2025 10:33:42 PM IST: Auto wallpaper changed
Friday 25 July 2025 10:00:01 PM IST: Auto wallpaper changed
Friday 25 July 2025 10:44:41 PM IST: Auto wallpaper changed
Saturday 26 July 2025 06:00:02 PM IST: Auto wallpaper changed
Saturday 26 July 2025 10:00:02 PM IST: Auto wallpaper changed
Saturday 26 July 2025 10:44:33 PM IST: Auto wallpaper changed
Sunday 27 July 2025 10:20:35 AM IST: Auto wallpaper changed
Sunday 27 July 2025 11:09:01 AM IST: Auto wallpaper changed
Sunday 27 July 2025 06:00:01 PM IST: Auto wallpaper changed
Sunday 27 July 2025 10:00:01 PM IST: Auto wallpaper changed
Sunday 27 July 2025 10:12:52 PM IST: Auto wallpaper changed
Monday 28 July 2025 10:00:01 PM IST: Auto wallpaper changed
Tuesday 29 July 2025 08:02:45 PM IST: Auto wallpaper changed
Tuesday 29 July 2025 10:00:01 PM IST: Auto wallpaper changed
Tuesday 29 July 2025 10:00:32 PM IST: Auto wallpaper changed
Tuesday 29 July 2025 10:00:33 PM IST: Auto wallpaper changed
Tuesday 29 July 2025 10:36:42 PM IST: Auto wallpaper changed
Tuesday 29 July 2025 10:54:19 PM IST: Auto wallpaper changed
Tuesday 29 July 2025 11:02:46 PM IST: Auto wallpaper changed
Thursday 31 July 2025 08:12:30 PM IST: Auto wallpaper changed
Thursday 31 July 2025 08:53:51 PM IST: Auto wallpaper changed
Thursday 31 July 2025 08:53:51 PM IST: Auto wallpaper changed
Thursday 31 July 2025 10:00:01 PM IST: Auto wallpaper changed
Thursday 31 July 2025 11:25:04 PM IST: Auto wallpaper changed
Friday 01 August 2025 11:25:33 AM IST: Auto wallpaper changed
Friday 01 August 2025 11:46:28 AM IST: Auto wallpaper changed
Friday 01 August 2025 06:00:02 PM IST: Auto wallpaper changed
Friday 01 August 2025 07:11:10 PM IST: Auto wallpaper changed
Friday 01 August 2025 10:00:01 PM IST: Auto wallpaper changed
Friday 01 August 2025 10:51:33 PM IST: Auto wallpaper changed
Saturday 02 August 2025 11:41:27 AM IST: Auto wallpaper changed
Saturday 02 August 2025 06:00:01 PM IST: Auto wallpaper changed
Saturday 02 August 2025 10:00:01 PM IST: Auto wallpaper changed
Sunday 03 August 2025 07:55:46 PM IST: Auto wallpaper changed
Sunday 03 August 2025 09:49:49 PM IST: Auto wallpaper changed
Wednesday 06 August 2025 06:00:01 PM IST: Auto wallpaper changed
Wednesday 06 August 2025 10:00:01 PM IST: Auto wallpaper changed
Wednesday 06 August 2025 10:14:44 PM IST: Auto wallpaper changed
Thursday 07 August 2025 10:00:01 PM IST: Auto wallpaper changed
Saturday 09 August 2025 09:56:53 AM IST: Auto wallpaper changed
Saturday 09 August 2025 04:59:35 PM IST: Auto wallpaper changed
Saturday 09 August 2025 06:00:01 PM IST: Auto wallpaper changed
Saturday 09 August 2025 10:00:01 PM IST: Auto wallpaper changed
Saturday 09 August 2025 10:03:23 PM IST: Auto wallpaper changed
Sunday 10 August 2025 06:00:01 PM IST: Auto wallpaper changed
Sunday 10 August 2025 07:14:51 PM IST: Auto wallpaper changed
Sunday 10 August 2025 07:16:08 PM IST: Auto wallpaper changed
Sunday 10 August 2025 07:16:37 PM IST: Auto wallpaper changed
Sunday 10 August 2025 07:16:39 PM IST: Auto wallpaper changed
Sunday 10 August 2025 07:17:04 PM IST: Auto wallpaper changed
Sunday 10 August 2025 07:17:05 PM IST: Auto wallpaper changed
Sunday 10 August 2025 07:17:21 PM IST: Auto wallpaper changed
Sunday 10 August 2025 07:17:22 PM IST: Auto wallpaper changed
Sunday 10 August 2025 07:17:34 PM IST: Auto wallpaper changed
Monday 11 August 2025 09:47:50 AM IST: Auto wallpaper changed
Monday 11 August 2025 09:47:50 AM IST: Auto wallpaper changed
Monday 11 August 2025 09:47:51 AM IST: Auto wallpaper changed
Monday 11 August 2025 09:48:12 AM IST: Auto wallpaper changed
Monday 11 August 2025 10:22:42 AM IST: Auto wallpaper changed
Monday 11 August 2025 10:22:43 AM IST: Auto wallpaper changed
Monday 11 August 2025 10:22:44 AM IST: Auto wallpaper changed
Monday 11 August 2025 10:23:39 AM IST: Auto wallpaper changed
Monday 11 August 2025 10:23:42 AM IST: Auto wallpaper changed
Monday 11 August 2025 10:23:43 AM IST: Auto wallpaper changed
Monday 11 August 2025 10:24:15 AM IST: Auto wallpaper changed
Monday 11 August 2025 10:25:00 AM IST: Auto wallpaper changed
Monday 11 August 2025 10:25:05 AM IST: Auto wallpaper changed
Monday 11 August 2025 10:25:06 AM IST: Auto wallpaper changed
Monday 11 August 2025 10:25:07 AM IST: Auto wallpaper changed
Monday 11 August 2025 10:29:27 AM IST: Auto wallpaper changed
Monday 11 August 2025 10:29:30 AM IST: Auto wallpaper changed
Monday 11 August 2025 10:29:52 AM IST: Auto wallpaper changed
Monday 11 August 2025 10:30:07 AM IST: Auto wallpaper changed
Monday 11 August 2025 10:30:10 AM IST: Auto wallpaper changed
Monday 11 August 2025 10:30:28 AM IST: Auto wallpaper changed
Monday 11 August 2025 10:30:29 AM IST: Auto wallpaper changed
Monday 11 August 2025 10:31:21 AM IST: Auto wallpaper changed
Monday 11 August 2025 10:33:55 AM IST: Auto wallpaper changed
Monday 11 August 2025 10:33:57 AM IST: Auto wallpaper changed
Monday 11 August 2025 10:33:58 AM IST: Auto wallpaper changed
Monday 11 August 2025 10:34:02 AM IST: Auto wallpaper changed
Monday 11 August 2025 10:34:04 AM IST: Auto wallpaper changed
Monday 11 August 2025 11:49:09 AM IST: Auto wallpaper changed
Monday 11 August 2025 11:54:39 AM IST: Auto wallpaper changed
Monday 11 August 2025 12:15:05 PM IST: Auto wallpaper changed
Monday 11 August 2025 12:15:05 PM IST: Auto wallpaper changed
Monday 11 August 2025 12:15:06 PM IST: Auto wallpaper changed
Monday 11 August 2025 12:28:19 PM IST: Auto wallpaper changed
Monday 11 August 2025 01:54:23 PM IST: Auto wallpaper changed
Monday 11 August 2025 02:21:23 PM IST: Auto wallpaper changed
Monday 11 August 2025 02:29:29 PM IST: Auto wallpaper changed
Monday 11 August 2025 02:29:30 PM IST: Auto wallpaper changed
Monday 11 August 2025 02:32:29 PM IST: Auto wallpaper changed
Monday 11 August 2025 02:32:30 PM IST: Auto wallpaper changed
Monday 11 August 2025 02:33:18 PM IST: Auto wallpaper changed
Monday 11 August 2025 03:07:17 PM IST: Auto wallpaper changed
Monday 11 August 2025 03:07:35 PM IST: Auto wallpaper changed
Monday 11 August 2025 03:13:15 PM IST: Auto wallpaper changed
Monday 11 August 2025 03:49:42 PM IST: Auto wallpaper changed
Monday 11 August 2025 04:52:31 PM IST: Auto wallpaper changed
Monday 11 August 2025 04:53:25 PM IST: Auto wallpaper changed
Monday 11 August 2025 04:53:26 PM IST: Auto wallpaper changed
Monday 11 August 2025 05:49:02 PM IST: Auto wallpaper changed
Monday 11 August 2025 05:51:50 PM IST: Auto wallpaper changed
Monday 11 August 2025 06:00:02 PM IST: Auto wallpaper changed
Monday 11 August 2025 06:46:00 PM IST: Auto wallpaper changed
Monday 11 August 2025 10:00:01 PM IST: Auto wallpaper changed
Monday 11 August 2025 10:10:39 PM IST: Auto wallpaper changed
Monday 11 August 2025 10:18:58 PM IST: Auto wallpaper changed
Monday 11 August 2025 10:18:59 PM IST: Auto wallpaper changed
Monday 11 August 2025 10:19:56 PM IST: Auto wallpaper changed
Monday 11 August 2025 10:20:33 PM IST: Auto wallpaper changed
Tuesday 12 August 2025 12:35:54 PM IST: Auto wallpaper changed
Tuesday 12 August 2025 01:03:42 PM IST: Auto wallpaper changed
Tuesday 12 August 2025 04:38:19 PM IST: Auto wallpaper changed
Tuesday 12 August 2025 04:38:20 PM IST: Auto wallpaper changed
Tuesday 12 August 2025 04:47:26 PM IST: Auto wallpaper changed
Tuesday 12 August 2025 06:00:01 PM IST: Auto wallpaper changed
Tuesday 12 August 2025 06:02:17 PM IST: Auto wallpaper changed
Tuesday 12 August 2025 09:25:49 PM IST: Auto wallpaper changed
Tuesday 12 August 2025 09:25:50 PM IST: Auto wallpaper changed
Tuesday 12 August 2025 09:25:50 PM IST: Auto wallpaper changed
Tuesday 12 August 2025 09:47:20 PM IST: Auto wallpaper changed
Tuesday 12 August 2025 09:47:21 PM IST: Auto wallpaper changed
